0 [135075247042048] INFO perfrun.launcher <> - Launcher main begin
1 [135075247042048] INFO perfrun.launcher <> - MessageCatalogInit finished
1 [135075247042048] INFO perfrun.launcher <> - Launcher instance created
1 [135075247042048] INFO perfrun.launcher <> - argc = 6; cmdline = /media/hlajungo/D/linux/opt/vtune/2025.6.0.31/vtune/2025.6/bin64/amplxe-runss -dump-vdso -r /tmp/amplxe-tmp-hlajungo/amplxe-res-331805-22063074916527 --tmp-dir /tmp/amplxe-tmp-hlajungo 
33 [135075247042048] INFO perfrun.perfcollector <> - SEP tool path: /media/hlajungo/D/linux/opt/vtune/2025.6.0.31/vtune/2025.6/bin64/sep
36 [135075247042048] INFO perfrun.launcher <> - create msngr2::ICliToolContext
36 [135075247042048] INFO perfrun.launcher <> - create file finder object
38 [135075089868480] INFO perfrun.launcher <> - plugin [remoteplug] was disabled because it doesn't support the given collection type.
38 [135075089868480] INFO perfrun.launcher <> - plugin [system] was disabled because it doesn't support the given collection type.
38 [135075089868480] INFO perfrun.vdso <> - dumping [vdso] pseudomodule
39 [135075089868480] INFO perfrun.launcher <> - plugin [itt] was disabled because it doesn't support the given collection type.
39 [135075089868480] INFO perfrun.launcher <> - plugin [ptracecollector] was disabled because it doesn't support the given collection type.
39 [135075089868480] INFO perfrun.launcher <> - plugin [gpu] was disabled because it doesn't support the given collection type.
39 [135075089868480] INFO perfrun.launcher <> - plugin [] was disabled because it doesn't support the given collection type.
39 [135075089868480] INFO perfrun.launcher <> - plugin [] was disabled because it doesn't support the given collection type.
39 [135075089868480] INFO perfrun.launcher <> - plugin [] was disabled because it doesn't support the given collection type.
39 [135075089868480] INFO perfrun.launcher <> - plugin [mrte] was disabled because it doesn't support the given collection type.
39 [135075089868480] INFO perfrun.launcher <> - plugin [emon] was disabled because it doesn't support the given collection type.
39 [135075089868480] INFO perfrun.launcher <> - plugin [cuscol] was disabled because it doesn't support the given collection type.
39 [135075089868480] INFO perfrun.launcher <> - plugin [stdsrc] was disabled because it doesn't support the given collection type.
39 [135075089868480] INFO perfrun.launcher <> - plugin [sep] was disabled because it doesn't support the given collection type.
39 [135075089868480] INFO perfrun.launcher <> - plugin [vtsspp] was disabled because it doesn't support the given collection type.
39 [135075089868480] INFO perfrun.launcher <> - plugin [perf] was disabled because it doesn't support the given collection type.
39 [135075089868480] INFO perfrun.launcher <> - plugin [aoclprofile] was disabled because it doesn't support the given collection type.
39 [135075089868480] INFO perfrun.launcher <> - plugin [tpss] was disabled because it doesn't support the given collection type.
39 [135075089868480] INFO perfrun.launcher <> - plugin [media] was disabled because it doesn't support the given collection type.
39 [135075089868480] INFO perfrun.launcher <> - plugin [] was disabled because it doesn't support the given collection type.
39 [135075089868480] INFO perfrun.launcher <> - plugin [] was disabled because it doesn't support the given collection type.
39 [135075089868480] INFO perfrun.launcher <> - plugin [parallelfs] was disabled because it doesn't support the given collection type.
39 [135075089868480] INFO perfrun.launcher <> - plugin [power] was disabled because it doesn't support the given collection type.
39 [135075089868480] INFO perfrun.launcher <> - plugin [] was disabled because it doesn't support the given collection type.
39 [135075089868480] INFO perfrun.launcher <> - plugin [] was disabled because it doesn't support the given collection type.
39 [135075089868480] INFO perfrun.launcher <> - plugin [] was disabled because it doesn't support the given collection type.
39 [135075089868480] INFO perfrun.launcher <> - plugin [l0_metrics] was disabled because it doesn't support the given collection type.
39 [135075089868480] INFO perfrun.launcher <> - plugin [stall_reasons] was disabled because it doesn't support the given collection type.
39 [135075247042048] INFO perfrun.launcher <> - Application exit code: 0
39 [135075247042048] INFO perfrun.launcher <> - Exit code: 0
