0 [3980561088] INFO perfrun.launcher <> - Launcher main begin
1 [3980561088] INFO perfrun.launcher <> - MessageCatalogInit finished
1 [3980561088] INFO perfrun.launcher <> - Launcher instance created
1 [3980561088] INFO perfrun.launcher <> - argc = 6; cmdline = /media/hlajungo/D/linux/opt/vtune/2025.6.0.31/vtune/2025.6/bin32/amplxe-runss -dump-vdso -r /tmp/amplxe-tmp-hlajungo/amplxe-res-331805-22063074916527 --tmp-dir /tmp/amplxe-tmp-hlajungo 
8 [3980561088] INFO perfrun.launcher <> - create msngr2::ICliToolContext
8 [3980561088] INFO perfrun.launcher <> - create file finder object
11 [3979803456] INFO perfrun.launcher <> - plugin [remoteplug] was disabled because it doesn't support the given collection type.
11 [3979803456] INFO perfrun.launcher <> - plugin [] was disabled because it doesn't support the given collection type.
11 [3979803456] INFO perfrun.vdso <> - dumping [vdso] pseudomodule
12 [3979803456] INFO perfrun.launcher <> - plugin [] was disabled because it doesn't support the given collection type.
12 [3979803456] INFO perfrun.launcher <> - plugin [] was disabled because it doesn't support the given collection type.
12 [3979803456] INFO perfrun.launcher <> - plugin [] was disabled because it doesn't support the given collection type.
12 [3979803456] INFO perfrun.launcher <> - plugin [] was disabled because it doesn't support the given collection type.
12 [3979803456] INFO perfrun.launcher <> - plugin [] was disabled because it doesn't support the given collection type.
12 [3979803456] INFO perfrun.launcher <> - plugin [] was disabled because it doesn't support the given collection type.
12 [3979803456] INFO perfrun.launcher <> - plugin [] was disabled because it doesn't support the given collection type.
12 [3979803456] INFO perfrun.launcher <> - plugin [] was disabled because it doesn't support the given collection type.
12 [3979803456] INFO perfrun.launcher <> - plugin [] was disabled because it doesn't support the given collection type.
12 [3979803456] INFO perfrun.launcher <> - plugin [] was disabled because it doesn't support the given collection type.
12 [3979803456] INFO perfrun.launcher <> - plugin [] was disabled because it doesn't support the given collection type.
12 [3979803456] INFO perfrun.launcher <> - plugin [] was disabled because it doesn't support the given collection type.
12 [3979803456] INFO perfrun.launcher <> - plugin [] was disabled because it doesn't support the given collection type.
12 [3979803456] INFO perfrun.launcher <> - plugin [] was disabled because it doesn't support the given collection type.
12 [3979803456] INFO perfrun.launcher <> - plugin [] was disabled because it doesn't support the given collection type.
12 [3979803456] INFO perfrun.launcher <> - plugin [] was disabled because it doesn't support the given collection type.
12 [3979803456] INFO perfrun.launcher <> - plugin [] was disabled because it doesn't support the given collection type.
12 [3979803456] INFO perfrun.launcher <> - plugin [] was disabled because it doesn't support the given collection type.
12 [3979803456] INFO perfrun.launcher <> - plugin [] was disabled because it doesn't support the given collection type.
12 [3979803456] INFO perfrun.launcher <> - plugin [] was disabled because it doesn't support the given collection type.
12 [3979803456] INFO perfrun.launcher <> - plugin [] was disabled because it doesn't support the given collection type.
12 [3979803456] INFO perfrun.launcher <> - plugin [] was disabled because it doesn't support the given collection type.
12 [3979803456] INFO perfrun.launcher <> - plugin [] was disabled because it doesn't support the given collection type.
12 [3979803456] INFO perfrun.launcher <> - plugin [] was disabled because it doesn't support the given collection type.
12 [3979803456] INFO perfrun.launcher <> - plugin [] was disabled because it doesn't support the given collection type.
12 [3980561088] INFO perfrun.launcher <> - Application exit code: 0
12 [3980561088] INFO perfrun.launcher <> - Exit code: 0
