0 [124000525536192] INFO perfrun.launcher <> - Launcher main begin
2 [124000525536192] INFO perfrun.launcher <> - MessageCatalogInit finished
2 [124000525536192] INFO perfrun.launcher <> - Launcher instance created
2 [124000525536192] INFO perfrun.launcher <> - argc = 7; cmdline = /media/hlajungo/D/linux/opt/vtune/2025.6.0.31/vtune/2025.6/bin64/amplxe-runss --ui-output-format xml --ui-output-fd 5 --option-file /media/hlajungo/D/linux/repo_my/dots_and_boxes/vtune_result/hotspots/1/config/runss.options 
37 [124000525536192] INFO perfrun.perfcollector <> - SEP tool path: /media/hlajungo/D/linux/opt/vtune/2025.6.0.31/vtune/2025.6/bin64/sep
41 [124000525536192] INFO perfrun.launcher <> - create msngr2::ICliToolContext
41 [124000525536192] INFO perfrun.launcher <> - create file finder object
41 [124000525536192] INFO perfrun.launcher <> - create a result directory: pattern = /media/hlajungo/D/linux/repo_my/dots_and_boxes/vtune_result/hotspots/1 pid = 4294967295
42 [124000525536192] INFO perfrun.sdk <> - checked that the directory /media/hlajungo/D/linux/repo_my/dots_and_boxes/vtune_result/hotspots/1 is a local directory
42 [124000525536192] INFO perfrun.sdk <> - the directory /media/hlajungo/D/linux/repo_my/dots_and_boxes/vtune_result/hotspots/1 is located on a share or its FS ID is unknown 1702057286
42 [124000525536192] INFO perfrun.sdk <> - checked that the directory /tmp/amplxe-tmp-hlajungo is a local directory
42 [124000525536192] INFO perfrun.sdk <> - the directory /tmp/amplxe-tmp-hlajungo is a local directory with FS type ID 61267
42 [124000525536192] INFO perfrun.launcher <> - Create a local result directory /tmp/amplxe-tmp-hlajungo/amplxe-res-331805-22063074916527 due to the user result path /media/hlajungo/D/linux/repo_my/dots_and_boxes/vtune_result/hotspots/1 is located on a share
42 [124000525536192] INFO perfrun.launcher <> - create data directory = /tmp/amplxe-tmp-hlajungo/amplxe-res-331805-22063074916527/data.0
42 [124000525536192] INFO perfrun.launcher <> - create data directory = /media/hlajungo/D/linux/repo_my/dots_and_boxes/vtune_result/hotspots/1/data.0
42 [124000525536192] INFO perfrun.launcher <> - Creating the master collection flag
53 [124000525536192] INFO perfrun.launcher <> - Done creating the master collection flag
54 [124000365700800] INFO perfrun.launcher <> - plugin [remoteplug] was disabled because it doesn't support the given collection type.
54 [124000365700800] INFO perfrun.sdk <> - Allocating TMU :/tmp/amplxe-tmp-hlajungo/amplxe-res-331805-22063074916527/data.0/systemcollector-331805-hlajungo-Predator-PH317-56.sc
54 [124000365700800] INFO perfrun.system <> - Tpss based collection
54 [124000365700800] INFO perfrun.launcher <> - plugin [ptracecollector] was disabled because it doesn't support the given collection type.
54 [124000365700800] INFO perfrun.launcher <> - plugin [gpu] was disabled because it doesn't support the given collection type.
54 [124000365700800] INFO perfrun.launcher <> - plugin [] was disabled because it doesn't support the given collection type.
54 [124000365700800] INFO perfrun.launcher <> - plugin [] was disabled because it doesn't support the given collection type.
54 [124000365700800] INFO perfrun.launcher <> - plugin [] was disabled because it doesn't support the given collection type.
54 [124000365700800] INFO perfrun.mrte <> - system-wide mode is 0
54 [124000365700800] INFO perfrun.mrte <> - Getting  mrte profiling environment ...
63 [124000365700800] INFO perfrun.mrte <> - INTEL_MRTE_DATA_DIR=/tmp/amplxe-tmp-hlajungo/amplxe-res-331805-22063074916527/data.0
63 [124000365700800] INFO perfrun.mrte <> - INTEL_MRTE_HOST_NAME=hlajungo-Predator-PH317-56
63 [124000365700800] INFO perfrun.mrte <> - JAVA_TOOL_OPTIONS=-agentlib:amplxe_samplingmrte_javaprof_1.0 -Dsun.boot.library.path=/media/hlajungo/D/linux/opt/vtune/2025.6.0.31/vtune/2025.6/lib32/runtime:/media/hlajungo/D/linux/opt/vtune/2025.6.0.31/vtune/2025.6/lib64/runtime
63 [124000365700800] INFO perfrun.mrte <> - LD_LIBRARY_PATH=/media/hlajungo/D/linux/opt/vtune/2025.6.0.31/vtune/2025.6/lib32/runtime:/media/hlajungo/D/linux/opt/vtune/2025.6.0.31/vtune/2025.6/lib64/runtime:/opt/GMP/6.2.1/lib:/opt/GMP/6.2.1/lib:
63 [124000365700800] INFO perfrun.mrte <> - CORECLR_ENABLE_PROFILING=1
63 [124000365700800] INFO perfrun.mrte <> - CORECLR_PROFILER={AA5E4821-E3B1-479c-B7FF-5AD047D22CED}
63 [124000365700800] INFO perfrun.mrte <> - CORECLR_PROFILER_PATH=/media/hlajungo/D/linux/opt/vtune/2025.6.0.31/vtune/2025.6/lib64/libamplxe_samplingmrte_clrprof_1.0.so
63 [124000365700800] INFO perfrun.mrte <> - INTEL_MRTE_PROFILER_MODE=mixed
63 [124000365700800] INFO perfrun.mrte <> - Data directory: /tmp/amplxe-tmp-hlajungo/amplxe-res-331805-22063074916527/data.0
63 [124000365700800] INFO perfrun.mrte <> - Mrte plugin is initialized
63 [124000365700800] INFO perfrun.sdk <> - runCmd: /media/hlajungo/D/linux/opt/vtune/2025.6.0.31/vtune/2025.6/bin64/emon -v
63 [124000365700800] INFO perfrun.sdk <> - runCmd started PID 331809
180 [124000365700800] INFO perfrun.emon <> - Extracted TSC Frequency = 2.688e+09 from emon -v
180 [124000365700800] INFO perfrun.metrics <> - PMU type is alderlake
180 [124000365700800] INFO perfrun.launcher <> - plugin [cuscol] was disabled because it doesn't support the given collection type.
180 [124000365700800] INFO perfrun.launcher <> - plugin [stdsrc] was disabled because it doesn't support the given collection type.
180 [124000365700800] INFO perfrun.launcher <> - plugin [sep] was disabled because it doesn't support the given collection type.
180 [124000365700800] INFO perfrun.launcher <> - plugin [vtsspp] was disabled because it doesn't support the given collection type.
180 [124000365700800] INFO perfrun.launcher <> - plugin [perf] was disabled because it doesn't support the given collection type.
180 [124000365700800] INFO perfrun.launcher <> - plugin [aoclprofile] was disabled because it doesn't support the given collection type.
180 [124000365700800] INFO perfrun.tpss <> - initialize tpss controller
181 [124000365700800] INFO perfrun.tpss <> - configure collection mode: value = cpu:counters:nostack
181 [124000365700800] INFO perfrun.tpss <> - configure collection mode: value = cpu:stack
181 [124000365700800] INFO perfrun.tpss <> - default obj-size-min=1024
181 [124000365700800] INFO perfrun.tpss <> - default hash-table-size=0
181 [124000365700800] INFO perfrun.launcher <> - plugin [media] was disabled because it doesn't support the given collection type.
181 [124000365700800] INFO perfrun.launcher <> - plugin [] was disabled because it doesn't support the given collection type.
181 [124000365700800] INFO perfrun.launcher <> - plugin [] was disabled because it doesn't support the given collection type.
181 [124000365700800] INFO perfrun.launcher <> - plugin [parallelfs] was disabled because it doesn't support the given collection type.
181 [124000365700800] INFO perfrun.launcher <> - plugin [power] was disabled because it doesn't support the given collection type.
181 [124000365700800] INFO perfrun.launcher <> - plugin [] was disabled because it doesn't support the given collection type.
181 [124000365700800] INFO perfrun.launcher <> - plugin [] was disabled because it doesn't support the given collection type.
181 [124000365700800] INFO perfrun.launcher <> - plugin [] was disabled because it doesn't support the given collection type.
181 [124000365700800] INFO perfrun.launcher <> - plugin [l0_metrics] was disabled because it doesn't support the given collection type.
181 [124000365700800] INFO perfrun.launcher <> - plugin [stall_reasons] was disabled because it doesn't support the given collection type.
181 [124000525536192] INFO perfrun.launcher <> - set environment variable: LD_LIBRARY_PATH = /media/hlajungo/D/linux/opt/vtune/2025.6.0.31/vtune/2025.6/lib32/runtime:/media/hlajungo/D/linux/opt/vtune/2025.6.0.31/vtune/2025.6/lib64/runtime:/opt/GMP/6.2.1/lib:/opt/GMP/6.2.1/lib:
181 [124000525536192] INFO perfrun.launcher <> - set environment variable: INTEL_LIBITTNOTIFY32 = /media/hlajungo/D/linux/opt/vtune/2025.6.0.31/vtune/2025.6/lib32/runtime/libittnotify_collector.so
181 [124000525536192] INFO perfrun.launcher <> - set environment variable: INTEL_LIBITTNOTIFY64 = /media/hlajungo/D/linux/opt/vtune/2025.6.0.31/vtune/2025.6/lib64/runtime/libittnotify_collector.so
181 [124000525536192] INFO perfrun.launcher <> - set environment variable: INTEL_ITTNOTIFY_GROUPS = 
181 [124000525536192] INFO perfrun.launcher <> - set environment variable: INTEL_JIT_PROFILER32 = /media/hlajungo/D/linux/opt/vtune/2025.6.0.31/vtune/2025.6/lib32/runtime/libittnotify_collector.so
181 [124000525536192] INFO perfrun.launcher <> - set environment variable: INTEL_JIT_PROFILER64 = /media/hlajungo/D/linux/opt/vtune/2025.6.0.31/vtune/2025.6/lib64/runtime/libittnotify_collector.so
182 [124000525536192] INFO perfrun.launcher <> - set environment variable: CCL_ITT_LEVEL = 1
182 [124000525536192] INFO perfrun.launcher <> - set environment variable: ENABLE_JITPROFILING = 1
182 [124000525536192] INFO perfrun.launcher <> - set environment variable: CL_CONFIG_USE_VTUNE = True
182 [124000525536192] INFO perfrun.launcher <> - set environment variable: KMP_FORKJOIN_FRAMES = 0
182 [124000525536192] INFO perfrun.launcher <> - set environment variable: KMP_FORKJOIN_FRAMES_MODE = 0
182 [124000525536192] INFO perfrun.launcher <> - set environment variable: INTEL_MRTE_DATA_DIR = /tmp/amplxe-tmp-hlajungo/amplxe-res-331805-22063074916527/data.0
182 [124000525536192] INFO perfrun.launcher <> - set environment variable: INTEL_MRTE_HOST_NAME = hlajungo-Predator-PH317-56
182 [124000525536192] INFO perfrun.launcher <> - set environment variable: JAVA_TOOL_OPTIONS = -agentlib:amplxe_samplingmrte_javaprof_1.0 -Dsun.boot.library.path=/media/hlajungo/D/linux/opt/vtune/2025.6.0.31/vtune/2025.6/lib32/runtime:/media/hlajungo/D/linux/opt/vtune/2025.6.0.31/vtune/2025.6/lib64/runtime
182 [124000525536192] INFO perfrun.launcher <> - set environment variable: LD_LIBRARY_PATH = /media/hlajungo/D/linux/opt/vtune/2025.6.0.31/vtune/2025.6/lib32/runtime:/media/hlajungo/D/linux/opt/vtune/2025.6.0.31/vtune/2025.6/lib64/runtime:/opt/GMP/6.2.1/lib:/opt/GMP/6.2.1/lib:
182 [124000525536192] INFO perfrun.launcher <> - set environment variable: CORECLR_ENABLE_PROFILING = 1
182 [124000525536192] INFO perfrun.launcher <> - set environment variable: CORECLR_PROFILER = {AA5E4821-E3B1-479c-B7FF-5AD047D22CED}
182 [124000525536192] INFO perfrun.launcher <> - set environment variable: CORECLR_PROFILER_PATH = /media/hlajungo/D/linux/opt/vtune/2025.6.0.31/vtune/2025.6/lib64/libamplxe_samplingmrte_clrprof_1.0.so
182 [124000525536192] INFO perfrun.launcher <> - set environment variable: INTEL_MRTE_PROFILER_MODE = mixed
182 [124000525536192] INFO perfrun.launcher <> - RpcServer: run RPC server to handle requests
182 [124000525536192] INFO perfrun.launcher <> - Launcher: command line to start before modification = ./build/sa_ai_vs_ai/sa_ai_vs_ai
182 [124000525536192] INFO perfrun.launcher <> - Launcher: command line to start after modification = /media/hlajungo/D/linux/opt/vtune/2025.6.0.31/vtune/2025.6/bin64/pin -error_file /tmp/amplxe-tmp-hlajungo/amplxe-res-331805-22063074916527/data.0/pinerr.tpsslog -detach_reattach -follow_execv -tool_load_option deepbind -t64 /media/hlajungo/D/linux/opt/vtune/2025.6.0.31/vtune/2025.6/lib64/libtpsstool.so -t /media/hlajungo/D/linux/opt/vtune/2025.6.0.31/vtune/2025.6/lib32/libtpsstool.so -server_name tpss_ipc.331805 -prd_dir /media/hlajungo/D/linux/opt/vtune/2025.6.0.31/vtune/2025.6 -- ./build/sa_ai_vs_ai/sa_ai_vs_ai
182 [124000525536192] INFO perfrun.launcher <> - ProcessCreator object was created
183 [124000525536192] INFO perfrun.launcher <> - Launcher: the process was started in suspend mode
184 [124000365700800] WARN perfrun.system <> - Could not do anything with /sys/kernel/debug/kvm: boost::filesystem::status: Permission denied [system:13]: "/sys/kernel/debug/kvm", at file: vcs/perfrun1/plugins/system/src/trace_writer.cpp:791
184 [124000365700800] WARN perfrun.system <> - Folder "/var/run/libvirt/qemu/"doesn't exist, at file: vcs/perfrun1/plugins/system/src/trace_writer.cpp:804
185 [124000365700800] WARN perfrun.sdk <> - Failed to find xl binary on any of the system paths: /bin, /sbin, /usr/bin, /usr/sbin., at file: vcs/perfrun1/sdk/src/utils.cpp:205
185 [124000365700800] WARN perfrun.system <> - Could not start ContainerMapping collector, at file: vcs/perfrun1/plugins/system/src/controller.cpp:450
208 [124000365700800] INFO perfrun.vdso <> - Helper runtool '/media/hlajungo/D/linux/opt/vtune/2025.6.0.31/vtune/2025.6/bin32/amplxe-runss -dump-vdso -r /tmp/amplxe-tmp-hlajungo/amplxe-res-331805-22063074916527 --tmp-dir /tmp/amplxe-tmp-hlajungo' returned 0
262 [124000365700800] INFO perfrun.vdso <> - Helper runtool '/media/hlajungo/D/linux/opt/vtune/2025.6.0.31/vtune/2025.6/bin64/amplxe-runss -dump-vdso -r /tmp/amplxe-tmp-hlajungo/amplxe-res-331805-22063074916527 --tmp-dir /tmp/amplxe-tmp-hlajungo' returned 0
262 [124000365700800] INFO perfrun.itt <> - start itt controller for pid #331812
263 [124000365700800] INFO perfrun.sdk <> - runCmd: /media/hlajungo/D/linux/opt/vtune/2025.6.0.31/vtune/2025.6/bin64/emon -M
263 [124000365700800] INFO perfrun.sdk <> - runCmd started PID 331819
375 [124000365700800] INFO perfrun.sdk <> - runCmd: /media/hlajungo/D/linux/opt/vtune/2025.6.0.31/vtune/2025.6/bin64/emon -v
375 [124000365700800] INFO perfrun.sdk <> - runCmd started PID 331820
494 [124000365700800] INFO perfrun.sdk <> - runCmd: /media/hlajungo/D/linux/opt/vtune/2025.6.0.31/vtune/2025.6/bin64/sep -dry-run -ec CPU_CLK_UNHALTED.THREAD:sa=2700000,CPU_CLK_UNHALTED.REF_TSC:sample:sa=2700000,INST_RETIRED.ANY:sample:sa=2700000,CPU_CLK_UNHALTED.DISTRIBUTED:sa=2700000,FP_ARITH_INST_RETIRED.SCALAR_SINGLE:sa=2000003,FP_ARITH_INST_RETIRED.128B_PACKED_SINGLE:sa=2000003,FP_ARITH_INST_RETIRED.256B_PACKED_SINGLE:sa=2000003,FP_ARITH_INST_RETIRED.SCALAR_DOUBLE:sa=2000003,FP_ARITH_INST_RETIRED.128B_PACKED_DOUBLE:sa=2000003,FP_ARITH_INST_RETIRED.256B_PACKED_DOUBLE:sa=2000003,UOPS_EXECUTED.X87:sa=2000003,UOPS_RETIRED.SLOTS:sa=2000003,UOPS_EXECUTED.THREAD:sa=2000003,TOPDOWN.SLOTS:perf_metrics:sample:sa=2000003,TOPDOWN_RETIRING.ALL:sample:sa=2000003 -experimental
494 [124000365700800] INFO perfrun.sdk <> - runCmd started PID 331822
606 [124000365700800] INFO perfrun.emon <> - Spawned collector thread
606 [124000135018176] INFO perfrun.sdk <> - runCmd: /media/hlajungo/D/linux/opt/vtune/2025.6.0.31/vtune/2025.6/bin64/emon -u -t 0.050 -l0 -C CPU_CLK_UNHALTED.DISTRIBUTED,CPU_CLK_UNHALTED.REF_TSC,CPU_CLK_UNHALTED.THREAD,FP_ARITH_INST_RETIRED.128B_PACKED_DOUBLE,FP_ARITH_INST_RETIRED.128B_PACKED_SINGLE,FP_ARITH_INST_RETIRED.256B_PACKED_DOUBLE,FP_ARITH_INST_RETIRED.256B_PACKED_SINGLE,FP_ARITH_INST_RETIRED.SCALAR_DOUBLE,FP_ARITH_INST_RETIRED.SCALAR_SINGLE,INST_RETIRED.ANY,TOPDOWN.SLOTS:perf_metrics,TOPDOWN_RETIRING.ALL,UOPS_EXECUTED.THREAD,UOPS_EXECUTED.X87,UOPS_RETIRED.SLOTS -experimental
607 [124000135018176] INFO perfrun.sdk <> - runCmd started PID 331824
875 [124000365700800] INFO perfrun.tpss <> - start tpss controller for pid #331812
927 [124000525536192] INFO perfrun.launcher <> - Launcher: all plugins were started
928 [124000525536192] INFO perfrun.launcher <> - DirectoryMonitor object was created
928 [124000525536192] INFO perfrun.launcher <> - DirectoryMonitor: a callback was added
929 [124000525536192] INFO perfrun.launcher <> - DirectoryMonitor was started with pingTime = 1000
929 [124000525536192] INFO perfrun.launcher <> - DeadlineTimer is going to be constructed
930 [124000525536192] INFO perfrun.launcher <> - DeadlineTimer: a callback was added
947 [124000525536192] INFO perfrun.launcher <> - Launcher: resume the profiled application and  wait its termination or stop command
42479 [124000525536192] INFO perfrun.launcher <> - Launcher: the profiled application was terminated  with exit code = 0
42481 [124000365700800] INFO perfrun.itt <> - detach itt controller
42481 [124000365700800] INFO perfrun.itt <> - detach itt controller done
42481 [124000365700800] INFO perfrun.sdk <> - runCmd: /media/hlajungo/D/linux/opt/vtune/2025.6.0.31/vtune/2025.6/bin64/emon -stop
42482 [124000365700800] INFO perfrun.sdk <> - runCmd started PID 331883
42636 [124000135018176] WARN perfrun.emon_output <> - TimeKeeper: the time is being asked while the time keeper object is armed. This may mean that the time for the last group is getting reused as the time for this group
42636 [124000135018176] INFO perfrun.emon_output <> - Collector process exited successfully
42642 [124000365700800] INFO perfrun.emon <> - EMON collector successfully stopped.

42642 [124000365700800] INFO perfrun.tpss <> - stop tpss controller
42642 [124000365700800] INFO perfrun.sdk <> - De-allocating TMU: /tmp/amplxe-tmp-hlajungo/amplxe-res-331805-22063074916527/data.0/systemcollector-331805-hlajungo-Predator-PH317-56.sc
42643 [124000365700800] INFO perfrun.system <> - closed the system trace file: /tmp/amplxe-tmp-hlajungo/amplxe-res-331805-22063074916527/data.0/systemcollector-331805-hlajungo-Predator-PH317-56.sc
42643 [124000525536192] INFO perfrun.launcher <> - Launcher: all plugins were stopped.
42643 [124000525536192] INFO perfrun.launcher <> - DeadlineTimer is going to be destroyed
42643 [124000525536192] INFO perfrun.launcher <> - DeadlineTimer was destroyed
42643 [124000525536192] INFO perfrun.launcher <> - DirectoryMonitor object was destroyed
42643 [124000525536192] WARN perfrun.launcher <> - Stop command is ignored because it is received when collection is already stopped, at file: vcs/perfrun1/launcher/src/command_handler.cpp:226
42647 [124000525536192] INFO perfrun.launcher <> - Application exit code: 0
42647 [124000525536192] INFO perfrun.launcher <> - Exit code: 0
